1693478310235	geckodriver	INFO	Listening on 127.0.0.1:44958
1693478313246	mozrunner::runner	INFO	Running command: "C:\\Program Files\\Mozilla Firefox\\firefox.exe" "--marionette" "--remote-debugging-port" "44959" "--remote-allow-hosts" "localhost" "-no-remote" "-profile" "C:\\Users\\sean2\\AppData\\Local\\Temp\\rust_mozprofileVuG0TE"
1693478314103	Marionette	INFO	Marionette enabled
console.warn: SearchSettings: "get: No settings file exists, new profile?" (new NotFoundError("Could not open the file at C:\\Users\\sean2\\AppData\\Local\\Temp\\rust_mozprofileVuG0TE\\search.json.mozlz4", (void 0)))
DevTools listening on ws://localhost:44959/devtools/browser/97095b96-0d45-4e51-9661-79ff243eb38c
1693478316601	Marionette	INFO	Listening on port 44997
Read port: 44997
1693478316705	RemoteAgent	WARN	TLS certificate errors will be ignored for this session
1693478328791	Marionette	INFO	Stopped listening on port 44997
console.warn: TopSitesFeed: Failed to fetch data from Contile server: NetworkError when attempting to fetch resource.

###!!! [Parent][RunMessage] Error: Channel closing: too late to send/recv, messages will be lost

1693478574820	geckodriver	INFO	Listening on 127.0.0.1:45452
1693478577820	mozrunner::runner	INFO	Running command: "C:\\Program Files\\Mozilla Firefox\\firefox.exe" "--marionette" "--remote-debugging-port" "45453" "--remote-allow-hosts" "localhost" "-no-remote" "-profile" "C:\\Users\\sean2\\AppData\\Local\\Temp\\rust_mozprofileGYxMbL"
1693478578488	Marionette	INFO	Marionette enabled
console.warn: SearchSettings: "get: No settings file exists, new profile?" (new NotFoundError("Could not open the file at C:\\Users\\sean2\\AppData\\Local\\Temp\\rust_mozprofileGYxMbL\\search.json.mozlz4", (void 0)))
DevTools listening on ws://localhost:45453/devtools/browser/f4bb3df9-6061-4ad6-94a1-264010a5379f
1693478580670	Marionette	INFO	Listening on port 45483
Read port: 45483
1693478580759	RemoteAgent	WARN	TLS certificate errors will be ignored for this session
1693478605980	Marionette	INFO	Stopped listening on port 45483
console.warn: TopSitesFeed: Failed to fetch data from Contile server: NetworkError when attempting to fetch resource.
JavaScript error: chrome://remote/content/marionette/cert.js, line 55: NS_ERROR_NOT_AVAILABLE: Component returned failure code: 0x80040111 (NS_ERROR_NOT_AVAILABLE) [nsICertOverrideService.setDisableAllSecurityChecksAndLetAttackersInterceptMyData]
Marionette threw an error: TypeError: browsingContext.currentWindowGlobal is null
getMarionetteCommandsActorProxy/get/<@chrome://remote/content/marionette/actors/MarionetteCommandsParent.jsm:326:29

JavaScript error: chrome://remote/content/marionette/driver.js, line 2146: NS_ERROR_ILLEGAL_VALUE: Component returned failure code: 0x80070057 (NS_ERROR_ILLEGAL_VALUE) [nsIObserverService.removeObserver]

###!!! [Parent][RunMessage] Error: Channel closing: too late to send/recv, messages will be lost

